The system is: Darwin - 21.1.0 - x86_64
Compiling the C compiler identification source file "CMakeCCompilerId.c" succeeded.
Compiler: /usr/local/bin/x86_64-apple-darwin18-gcc-9.2.0 
Build flags: 
Id flags:  

The output was:
0


Compilation of the C compiler identification source "CMakeCCompilerId.c" produced "a.out"

The C compiler identification is GNU, found in "/Users/duanyanling/vs_code_workspace/c_jia_jia/log/build/CMakeFiles/3.22.0-rc1/CompilerIdC/a.out"

Compiling the CXX compiler identification source file "CMakeCXXCompilerId.cpp" succeeded.
Compiler: /Library/Developer/CommandLineTools/usr/bin/c++ 
Build flags: 
Id flags: -c 

The output was:
0


Compilation of the CXX compiler identification source "CMakeCXXCompilerId.cpp" produced "CMakeCXXCompilerId.o"

The CXX compiler identification is AppleClang, found in "/Users/duanyanling/vs_code_workspace/c_jia_jia/log/build/CMakeFiles/3.22.0-rc1/CompilerIdCXX/CMakeCXXCompilerId.o"

Detecting C compiler ABI info compiled with the following output:
Change Dir: /Users/duanyanling/vs_code_workspace/c_jia_jia/log/build/CMakeFiles/CMakeTmp

Run Build Command(s):/usr/bin/make -f Makefile cmTC_d5dd1/fast && /Library/Developer/CommandLineTools/usr/bin/make  -f CMakeFiles/cmTC_d5dd1.dir/build.make CMakeFiles/cmTC_d5dd1.dir/build
Building C object CMakeFiles/cmTC_d5dd1.dir/CMakeCCompilerABI.c.o
/usr/local/bin/x86_64-apple-darwin18-gcc-9.2.0   -isysroot /Library/Developer/CommandLineTools/SDKs/MacOSX12.1.sdk -mmacosx-version-min=12.0   -v -Wl,-v -o CMakeFiles/cmTC_d5dd1.dir/CMakeCCompilerABI.c.o -c /Applications/CMake.app/Contents/share/cmake-3.22/Modules/CMakeCCompilerABI.c
x86_64-apple-darwin18-gcc-9.2.0: warning: '12.0' is not valid for 'mmacosx-version-min'

Using built-in specs.
COLLECT_GCC=/usr/local/bin/x86_64-apple-darwin18-gcc-9.2.0
Target: x86_64-apple-darwin18
Configured with: ../configure --build=x86_64-apple-darwin18 --prefix=/usr/local/Cellar/gcc/9.2.0 --libdir=/usr/local/Cellar/gcc/9.2.0/lib/gcc/9 --disable-nls --enable-checking=release --enable-languages=c,c++,objc,obj-c++,fortran --program-suffix=-9 --with-gmp=/usr/local/opt/gmp --with-mpfr=/usr/local/opt/mpfr --with-mpc=/usr/local/opt/libmpc --with-isl=/usr/local/opt/isl --with-system-zlib --with-pkgversion='Homebrew GCC 9.2.0' --with-bugurl=https://github.com/Homebrew/homebrew-core/issues --disable-multilib --with-native-system-header-dir=/usr/include --with-sysroot=/Library/Developer/CommandLineTools/SDKs/MacOSX.sdk
Thread model: posix
gcc version 9.2.0 (Homebrew GCC 9.2.0) 
COLLECT_GCC_OPTIONS='-isysroot' '/Library/Developer/CommandLineTools/SDKs/MacOSX12.1.sdk' '-v' '-o' 'CMakeFiles/cmTC_d5dd1.dir/CMakeCCompilerABI.c.o' '-c' '-mtune=core2'
 /usr/local/Cellar/gcc/9.2.0/libexec/gcc/x86_64-apple-darwin18/9.2.0/cc1 -quiet -v -D__DYNAMIC__ -isysroot /Library/Developer/CommandLineTools/SDKs/MacOSX12.1.sdk /Applications/CMake.app/Contents/share/cmake-3.22/Modules/CMakeCCompilerABI.c -fPIC -quiet -dumpbase CMakeCCompilerABI.c -mtune=core2 -auxbase-strip CMakeFiles/cmTC_d5dd1.dir/CMakeCCompilerABI.c.o -version -o /var/folders/92/z84_pg997q95ggpv_lbbcl100000gn/T//ccVt9vTv.s
GNU C17 (Homebrew GCC 9.2.0) version 9.2.0 (x86_64-apple-darwin18)
	compiled by GNU C version 9.2.0, GMP version 6.1.2, MPFR version 4.0.2, MPC version 1.1.0, isl version isl-0.21-GMP

GGC heuristics: --param ggc-min-expand=100 --param ggc-min-heapsize=131072
ignoring nonexistent directory "/Library/Developer/CommandLineTools/SDKs/MacOSX12.1.sdk/usr/local/include"
ignoring nonexistent directory "/usr/local/Cellar/gcc/9.2.0/lib/gcc/9/gcc/x86_64-apple-darwin18/9.2.0/../../../../../../x86_64-apple-darwin18/include"
ignoring nonexistent directory "/Library/Developer/CommandLineTools/SDKs/MacOSX12.1.sdk/Library/Frameworks"
#include "..." search starts here:
#include <...> search starts here:
 /usr/local/Cellar/gcc/9.2.0/lib/gcc/9/gcc/x86_64-apple-darwin18/9.2.0/include
 /usr/local/Cellar/gcc/9.2.0/lib/gcc/9/gcc/x86_64-apple-darwin18/9.2.0/include-fixed
 /Library/Developer/CommandLineTools/SDKs/MacOSX12.1.sdk/usr/include
 /Library/Developer/CommandLineTools/SDKs/MacOSX12.1.sdk/System/Library/Frameworks
End of search list.
GNU C17 (Homebrew GCC 9.2.0) version 9.2.0 (x86_64-apple-darwin18)
	compiled by GNU C version 9.2.0, GMP version 6.1.2, MPFR version 4.0.2, MPC version 1.1.0, isl version isl-0.21-GMP

GGC heuristics: --param ggc-min-expand=100 --param ggc-min-heapsize=131072
Compiler executable checksum: 299875c881ffa94e36973da59ff78aeb
COLLECT_GCC_OPTIONS='-isysroot' '/Library/Developer/CommandLineTools/SDKs/MacOSX12.1.sdk' '-v' '-o' 'CMakeFiles/cmTC_d5dd1.dir/CMakeCCompilerABI.c.o' '-c' '-mtune=core2'
 as -arch x86_64 -v -force_cpusubtype_ALL -o CMakeFiles/cmTC_d5dd1.dir/CMakeCCompilerABI.c.o /var/folders/92/z84_pg997q95ggpv_lbbcl100000gn/T//ccVt9vTv.s
Apple clang version 13.0.0 (clang-1300.0.29.30)
Target: x86_64-apple-darwin21.1.0
Thread model: posix
InstalledDir: /Library/Developer/CommandLineTools/usr/bin
 "/Library/Developer/CommandLineTools/usr/bin/clang" -cc1as -triple x86_64-apple-macosx12.0.0 -filetype obj -main-file-name ccVt9vTv.s -target-cpu penryn -fdebug-compilation-dir /Users/duanyanling/vs_code_workspace/c_jia_jia/log/build/CMakeFiles/CMakeTmp -dwarf-debug-producer "Apple clang version 13.0.0 (clang-1300.0.29.30)" -dwarf-version=4 -mrelocation-model pic --mrelax-relocations -mllvm -disable-aligned-alloc-awareness=1 -mllvm -enable-dse-memoryssa=0 -o CMakeFiles/cmTC_d5dd1.dir/CMakeCCompilerABI.c.o /var/folders/92/z84_pg997q95ggpv_lbbcl100000gn/T//ccVt9vTv.s
COMPILER_PATH=/usr/local/Cellar/gcc/9.2.0/libexec/gcc/x86_64-apple-darwin18/9.2.0/:/usr/local/Cellar/gcc/9.2.0/libexec/gcc/x86_64-apple-darwin18/9.2.0/:/usr/local/Cellar/gcc/9.2.0/libexec/gcc/x86_64-apple-darwin18/:/usr/local/Cellar/gcc/9.2.0/lib/gcc/9/gcc/x86_64-apple-darwin18/9.2.0/:/usr/local/Cellar/gcc/9.2.0/lib/gcc/9/gcc/x86_64-apple-darwin18/
LIBRARY_PATH=/usr/local/Cellar/gcc/9.2.0/lib/gcc/9/gcc/x86_64-apple-darwin18/9.2.0/:/usr/local/Cellar/gcc/9.2.0/lib/gcc/9/gcc/x86_64-apple-darwin18/9.2.0/../../../
COLLECT_GCC_OPTIONS='-isysroot' '/Library/Developer/CommandLineTools/SDKs/MacOSX12.1.sdk' '-v' '-o' 'CMakeFiles/cmTC_d5dd1.dir/CMakeCCompilerABI.c.o' '-c' '-mtune=core2'
Linking C executable cmTC_d5dd1
/Applications/CMake.app/Contents/bin/cmake -E cmake_link_script CMakeFiles/cmTC_d5dd1.dir/link.txt --verbose=1
/usr/local/bin/x86_64-apple-darwin18-gcc-9.2.0  -isysroot /Library/Developer/CommandLineTools/SDKs/MacOSX12.1.sdk -mmacosx-version-min=12.0 -Wl,-search_paths_first -Wl,-headerpad_max_install_names  -v -Wl,-v CMakeFiles/cmTC_d5dd1.dir/CMakeCCompilerABI.c.o -o cmTC_d5dd1 
x86_64-apple-darwin18-gcc-9.2.0: warning: '12.0' is not valid for 'mmacosx-version-min'

Using built-in specs.
COLLECT_GCC=/usr/local/bin/x86_64-apple-darwin18-gcc-9.2.0
COLLECT_LTO_WRAPPER=/usr/local/Cellar/gcc/9.2.0/libexec/gcc/x86_64-apple-darwin18/9.2.0/lto-wrapper
Target: x86_64-apple-darwin18
Configured with: ../configure --build=x86_64-apple-darwin18 --prefix=/usr/local/Cellar/gcc/9.2.0 --libdir=/usr/local/Cellar/gcc/9.2.0/lib/gcc/9 --disable-nls --enable-checking=release --enable-languages=c,c++,objc,obj-c++,fortran --program-suffix=-9 --with-gmp=/usr/local/opt/gmp --with-mpfr=/usr/local/opt/mpfr --with-mpc=/usr/local/opt/libmpc --with-isl=/usr/local/opt/isl --with-system-zlib --with-pkgversion='Homebrew GCC 9.2.0' --with-bugurl=https://github.com/Homebrew/homebrew-core/issues --disable-multilib --with-native-system-header-dir=/usr/include --with-sysroot=/Library/Developer/CommandLineTools/SDKs/MacOSX.sdk
Thread model: posix
gcc version 9.2.0 (Homebrew GCC 9.2.0) 
COMPILER_PATH=/usr/local/Cellar/gcc/9.2.0/libexec/gcc/x86_64-apple-darwin18/9.2.0/:/usr/local/Cellar/gcc/9.2.0/libexec/gcc/x86_64-apple-darwin18/9.2.0/:/usr/local/Cellar/gcc/9.2.0/libexec/gcc/x86_64-apple-darwin18/:/usr/local/Cellar/gcc/9.2.0/lib/gcc/9/gcc/x86_64-apple-darwin18/9.2.0/:/usr/local/Cellar/gcc/9.2.0/lib/gcc/9/gcc/x86_64-apple-darwin18/
LIBRARY_PATH=/usr/local/Cellar/gcc/9.2.0/lib/gcc/9/gcc/x86_64-apple-darwin18/9.2.0/:/usr/local/Cellar/gcc/9.2.0/lib/gcc/9/gcc/x86_64-apple-darwin18/9.2.0/../../../
COLLECT_GCC_OPTIONS='-isysroot' '/Library/Developer/CommandLineTools/SDKs/MacOSX12.1.sdk' '-v' '-o' 'cmTC_d5dd1' '-mtune=core2'
 /usr/local/Cellar/gcc/9.2.0/libexec/gcc/x86_64-apple-darwin18/9.2.0/collect2 -dynamic -arch x86_64 -syslibroot /Library/Developer/CommandLineTools/SDKs/MacOSX12.1.sdk -weak_reference_mismatches non-weak -o cmTC_d5dd1 -lcrt1.o -L/usr/local/Cellar/gcc/9.2.0/lib/gcc/9/gcc/x86_64-apple-darwin18/9.2.0 -L/usr/local/Cellar/gcc/9.2.0/lib/gcc/9/gcc/x86_64-apple-darwin18/9.2.0/../../.. -search_paths_first -headerpad_max_install_names -v CMakeFiles/cmTC_d5dd1.dir/CMakeCCompilerABI.c.o -lgcc_ext.10.4 -lgcc -lSystem -v
collect2 version 9.2.0
/usr/bin/ld -dynamic -arch x86_64 -syslibroot /Library/Developer/CommandLineTools/SDKs/MacOSX12.1.sdk -weak_reference_mismatches non-weak -o cmTC_d5dd1 -lcrt1.o -L/usr/local/Cellar/gcc/9.2.0/lib/gcc/9/gcc/x86_64-apple-darwin18/9.2.0 -L/usr/local/Cellar/gcc/9.2.0/lib/gcc/9/gcc/x86_64-apple-darwin18/9.2.0/../../.. -search_paths_first -headerpad_max_install_names -v CMakeFiles/cmTC_d5dd1.dir/CMakeCCompilerABI.c.o -lgcc_ext.10.4 -lgcc -lSystem -v
@(#)PROGRAM:ld  PROJECT:ld64-711
BUILD 14:30:26 Oct 21 2021
configured to support archs: armv6 armv7 armv7s arm64 arm64e arm64_32 i386 x86_64 x86_64h armv6m armv7k armv7m armv7em
@(#)PROGRAM:ld  PROJECT:ld64-711
BUILD 14:30:26 Oct 21 2021
configured to support archs: armv6 armv7 armv7s arm64 arm64e arm64_32 i386 x86_64 x86_64h armv6m armv7k armv7m armv7em
Library search paths:
	/usr/local/Cellar/gcc/9.2.0/lib/gcc/9/gcc/x86_64-apple-darwin18/9.2.0
	/usr/local/Cellar/gcc/9.2.0/lib/gcc/9
	/Library/Developer/CommandLineTools/SDKs/MacOSX12.1.sdk/usr/lib
Framework search paths:
	/Library/Developer/CommandLineTools/SDKs/MacOSX12.1.sdk/System/Library/Frameworks/
ld: warning: object file (CMakeFiles/cmTC_d5dd1.dir/CMakeCCompilerABI.c.o) was built for newer macOS version (12.0) than being linked (10.4)
ld: warning: dylib (/usr/local/Cellar/gcc/9.2.0/lib/gcc/9/libgcc_ext.10.4.dylib) was built for newer macOS version (10.5) than being linked (10.4)



Parsed C implicit include dir info from above output: rv=done
  found start of include info
  found start of implicit include info
    add: [/usr/local/Cellar/gcc/9.2.0/lib/gcc/9/gcc/x86_64-apple-darwin18/9.2.0/include]
    add: [/usr/local/Cellar/gcc/9.2.0/lib/gcc/9/gcc/x86_64-apple-darwin18/9.2.0/include-fixed]
    add: [/Library/Developer/CommandLineTools/SDKs/MacOSX12.1.sdk/usr/include]
    add: [/Library/Developer/CommandLineTools/SDKs/MacOSX12.1.sdk/System/Library/Frameworks]
  end of search list found
  collapse include dir [/usr/local/Cellar/gcc/9.2.0/lib/gcc/9/gcc/x86_64-apple-darwin18/9.2.0/include] ==> [/usr/local/Cellar/gcc/9.2.0/lib/gcc/9/gcc/x86_64-apple-darwin18/9.2.0/include]
  collapse include dir [/usr/local/Cellar/gcc/9.2.0/lib/gcc/9/gcc/x86_64-apple-darwin18/9.2.0/include-fixed] ==> [/usr/local/Cellar/gcc/9.2.0/lib/gcc/9/gcc/x86_64-apple-darwin18/9.2.0/include-fixed]
  collapse include dir [/Library/Developer/CommandLineTools/SDKs/MacOSX12.1.sdk/usr/include] ==> [/Library/Developer/CommandLineTools/SDKs/MacOSX12.1.sdk/usr/include]
  collapse include dir [/Library/Developer/CommandLineTools/SDKs/MacOSX12.1.sdk/System/Library/Frameworks] ==> [/Library/Developer/CommandLineTools/SDKs/MacOSX12.1.sdk/System/Library/Frameworks]
  implicit include dirs: [/usr/local/Cellar/gcc/9.2.0/lib/gcc/9/gcc/x86_64-apple-darwin18/9.2.0/include;/usr/local/Cellar/gcc/9.2.0/lib/gcc/9/gcc/x86_64-apple-darwin18/9.2.0/include-fixed;/Library/Developer/CommandLineTools/SDKs/MacOSX12.1.sdk/usr/include;/Library/Developer/CommandLineTools/SDKs/MacOSX12.1.sdk/System/Library/Frameworks]


Parsed C implicit link information from above output:
  link line regex: [^( *|.*[/\])(ld|CMAKE_LINK_STARTFILE-NOTFOUND|([^/\]+-)?ld|collect2)[^/\]*( |$)]
  ignore line: [Change Dir: /Users/duanyanling/vs_code_workspace/c_jia_jia/log/build/CMakeFiles/CMakeTmp]
  ignore line: []
  ignore line: [Run Build Command(s):/usr/bin/make -f Makefile cmTC_d5dd1/fast && /Library/Developer/CommandLineTools/usr/bin/make  -f CMakeFiles/cmTC_d5dd1.dir/build.make CMakeFiles/cmTC_d5dd1.dir/build]
  ignore line: [Building C object CMakeFiles/cmTC_d5dd1.dir/CMakeCCompilerABI.c.o]
  ignore line: [/usr/local/bin/x86_64-apple-darwin18-gcc-9.2.0   -isysroot /Library/Developer/CommandLineTools/SDKs/MacOSX12.1.sdk -mmacosx-version-min=12.0   -v -Wl -v -o CMakeFiles/cmTC_d5dd1.dir/CMakeCCompilerABI.c.o -c /Applications/CMake.app/Contents/share/cmake-3.22/Modules/CMakeCCompilerABI.c]
  ignore line: [x86_64-apple-darwin18-gcc-9.2.0: warning: '12.0' is not valid for 'mmacosx-version-min']
  ignore line: []
  ignore line: [Using built-in specs.]
  ignore line: [COLLECT_GCC=/usr/local/bin/x86_64-apple-darwin18-gcc-9.2.0]
  ignore line: [Target: x86_64-apple-darwin18]
  ignore line: [Configured with: ../configure --build=x86_64-apple-darwin18 --prefix=/usr/local/Cellar/gcc/9.2.0 --libdir=/usr/local/Cellar/gcc/9.2.0/lib/gcc/9 --disable-nls --enable-checking=release --enable-languages=c c++ objc obj-c++ fortran --program-suffix=-9 --with-gmp=/usr/local/opt/gmp --with-mpfr=/usr/local/opt/mpfr --with-mpc=/usr/local/opt/libmpc --with-isl=/usr/local/opt/isl --with-system-zlib --with-pkgversion='Homebrew GCC 9.2.0' --with-bugurl=https://github.com/Homebrew/homebrew-core/issues --disable-multilib --with-native-system-header-dir=/usr/include --with-sysroot=/Library/Developer/CommandLineTools/SDKs/MacOSX.sdk]
  ignore line: [Thread model: posix]
  ignore line: [gcc version 9.2.0 (Homebrew GCC 9.2.0) ]
  ignore line: [COLLECT_GCC_OPTIONS='-isysroot' '/Library/Developer/CommandLineTools/SDKs/MacOSX12.1.sdk' '-v' '-o' 'CMakeFiles/cmTC_d5dd1.dir/CMakeCCompilerABI.c.o' '-c' '-mtune=core2']
  ignore line: [ /usr/local/Cellar/gcc/9.2.0/libexec/gcc/x86_64-apple-darwin18/9.2.0/cc1 -quiet -v -D__DYNAMIC__ -isysroot /Library/Developer/CommandLineTools/SDKs/MacOSX12.1.sdk /Applications/CMake.app/Contents/share/cmake-3.22/Modules/CMakeCCompilerABI.c -fPIC -quiet -dumpbase CMakeCCompilerABI.c -mtune=core2 -auxbase-strip CMakeFiles/cmTC_d5dd1.dir/CMakeCCompilerABI.c.o -version -o /var/folders/92/z84_pg997q95ggpv_lbbcl100000gn/T//ccVt9vTv.s]
  ignore line: [GNU C17 (Homebrew GCC 9.2.0) version 9.2.0 (x86_64-apple-darwin18)]
  ignore line: [	compiled by GNU C version 9.2.0  GMP version 6.1.2  MPFR version 4.0.2  MPC version 1.1.0  isl version isl-0.21-GMP]
  ignore line: []
  ignore line: [GGC heuristics: --param ggc-min-expand=100 --param ggc-min-heapsize=131072]
  ignore line: [ignoring nonexistent directory "/Library/Developer/CommandLineTools/SDKs/MacOSX12.1.sdk/usr/local/include"]
  ignore line: [ignoring nonexistent directory "/usr/local/Cellar/gcc/9.2.0/lib/gcc/9/gcc/x86_64-apple-darwin18/9.2.0/../../../../../../x86_64-apple-darwin18/include"]
  ignore line: [ignoring nonexistent directory "/Library/Developer/CommandLineTools/SDKs/MacOSX12.1.sdk/Library/Frameworks"]
  ignore line: [#include "..." search starts here:]
  ignore line: [#include <...> search starts here:]
  ignore line: [ /usr/local/Cellar/gcc/9.2.0/lib/gcc/9/gcc/x86_64-apple-darwin18/9.2.0/include]
  ignore line: [ /usr/local/Cellar/gcc/9.2.0/lib/gcc/9/gcc/x86_64-apple-darwin18/9.2.0/include-fixed]
  ignore line: [ /Library/Developer/CommandLineTools/SDKs/MacOSX12.1.sdk/usr/include]
  ignore line: [ /Library/Developer/CommandLineTools/SDKs/MacOSX12.1.sdk/System/Library/Frameworks]
  ignore line: [End of search list.]
  ignore line: [GNU C17 (Homebrew GCC 9.2.0) version 9.2.0 (x86_64-apple-darwin18)]
  ignore line: [	compiled by GNU C version 9.2.0  GMP version 6.1.2  MPFR version 4.0.2  MPC version 1.1.0  isl version isl-0.21-GMP]
  ignore line: []
  ignore line: [GGC heuristics: --param ggc-min-expand=100 --param ggc-min-heapsize=131072]
  ignore line: [Compiler executable checksum: 299875c881ffa94e36973da59ff78aeb]
  ignore line: [COLLECT_GCC_OPTIONS='-isysroot' '/Library/Developer/CommandLineTools/SDKs/MacOSX12.1.sdk' '-v' '-o' 'CMakeFiles/cmTC_d5dd1.dir/CMakeCCompilerABI.c.o' '-c' '-mtune=core2']
  ignore line: [ as -arch x86_64 -v -force_cpusubtype_ALL -o CMakeFiles/cmTC_d5dd1.dir/CMakeCCompilerABI.c.o /var/folders/92/z84_pg997q95ggpv_lbbcl100000gn/T//ccVt9vTv.s]
  ignore line: [Apple clang version 13.0.0 (clang-1300.0.29.30)]
  ignore line: [Target: x86_64-apple-darwin21.1.0]
  ignore line: [Thread model: posix]
  ignore line: [InstalledDir: /Library/Developer/CommandLineTools/usr/bin]
  ignore line: [ "/Library/Developer/CommandLineTools/usr/bin/clang" -cc1as -triple x86_64-apple-macosx12.0.0 -filetype obj -main-file-name ccVt9vTv.s -target-cpu penryn -fdebug-compilation-dir /Users/duanyanling/vs_code_workspace/c_jia_jia/log/build/CMakeFiles/CMakeTmp -dwarf-debug-producer "Apple clang version 13.0.0 (clang-1300.0.29.30)" -dwarf-version=4 -mrelocation-model pic --mrelax-relocations -mllvm -disable-aligned-alloc-awareness=1 -mllvm -enable-dse-memoryssa=0 -o CMakeFiles/cmTC_d5dd1.dir/CMakeCCompilerABI.c.o /var/folders/92/z84_pg997q95ggpv_lbbcl100000gn/T//ccVt9vTv.s]
  ignore line: [COMPILER_PATH=/usr/local/Cellar/gcc/9.2.0/libexec/gcc/x86_64-apple-darwin18/9.2.0/:/usr/local/Cellar/gcc/9.2.0/libexec/gcc/x86_64-apple-darwin18/9.2.0/:/usr/local/Cellar/gcc/9.2.0/libexec/gcc/x86_64-apple-darwin18/:/usr/local/Cellar/gcc/9.2.0/lib/gcc/9/gcc/x86_64-apple-darwin18/9.2.0/:/usr/local/Cellar/gcc/9.2.0/lib/gcc/9/gcc/x86_64-apple-darwin18/]
  ignore line: [LIBRARY_PATH=/usr/local/Cellar/gcc/9.2.0/lib/gcc/9/gcc/x86_64-apple-darwin18/9.2.0/:/usr/local/Cellar/gcc/9.2.0/lib/gcc/9/gcc/x86_64-apple-darwin18/9.2.0/../../../]
  ignore line: [COLLECT_GCC_OPTIONS='-isysroot' '/Library/Developer/CommandLineTools/SDKs/MacOSX12.1.sdk' '-v' '-o' 'CMakeFiles/cmTC_d5dd1.dir/CMakeCCompilerABI.c.o' '-c' '-mtune=core2']
  ignore line: [Linking C executable cmTC_d5dd1]
  ignore line: [/Applications/CMake.app/Contents/bin/cmake -E cmake_link_script CMakeFiles/cmTC_d5dd1.dir/link.txt --verbose=1]
  ignore line: [/usr/local/bin/x86_64-apple-darwin18-gcc-9.2.0  -isysroot /Library/Developer/CommandLineTools/SDKs/MacOSX12.1.sdk -mmacosx-version-min=12.0 -Wl -search_paths_first -Wl -headerpad_max_install_names  -v -Wl -v CMakeFiles/cmTC_d5dd1.dir/CMakeCCompilerABI.c.o -o cmTC_d5dd1 ]
  ignore line: [x86_64-apple-darwin18-gcc-9.2.0: warning: '12.0' is not valid for 'mmacosx-version-min']
  ignore line: []
  ignore line: [Using built-in specs.]
  ignore line: [COLLECT_GCC=/usr/local/bin/x86_64-apple-darwin18-gcc-9.2.0]
  ignore line: [COLLECT_LTO_WRAPPER=/usr/local/Cellar/gcc/9.2.0/libexec/gcc/x86_64-apple-darwin18/9.2.0/lto-wrapper]
  ignore line: [Target: x86_64-apple-darwin18]
  ignore line: [Configured with: ../configure --build=x86_64-apple-darwin18 --prefix=/usr/local/Cellar/gcc/9.2.0 --libdir=/usr/local/Cellar/gcc/9.2.0/lib/gcc/9 --disable-nls --enable-checking=release --enable-languages=c c++ objc obj-c++ fortran --program-suffix=-9 --with-gmp=/usr/local/opt/gmp --with-mpfr=/usr/local/opt/mpfr --with-mpc=/usr/local/opt/libmpc --with-isl=/usr/local/opt/isl --with-system-zlib --with-pkgversion='Homebrew GCC 9.2.0' --with-bugurl=https://github.com/Homebrew/homebrew-core/issues --disable-multilib --with-native-system-header-dir=/usr/include --with-sysroot=/Library/Developer/CommandLineTools/SDKs/MacOSX.sdk]
  ignore line: [Thread model: posix]
  ignore line: [gcc version 9.2.0 (Homebrew GCC 9.2.0) ]
  ignore line: [COMPILER_PATH=/usr/local/Cellar/gcc/9.2.0/libexec/gcc/x86_64-apple-darwin18/9.2.0/:/usr/local/Cellar/gcc/9.2.0/libexec/gcc/x86_64-apple-darwin18/9.2.0/:/usr/local/Cellar/gcc/9.2.0/libexec/gcc/x86_64-apple-darwin18/:/usr/local/Cellar/gcc/9.2.0/lib/gcc/9/gcc/x86_64-apple-darwin18/9.2.0/:/usr/local/Cellar/gcc/9.2.0/lib/gcc/9/gcc/x86_64-apple-darwin18/]
  ignore line: [LIBRARY_PATH=/usr/local/Cellar/gcc/9.2.0/lib/gcc/9/gcc/x86_64-apple-darwin18/9.2.0/:/usr/local/Cellar/gcc/9.2.0/lib/gcc/9/gcc/x86_64-apple-darwin18/9.2.0/../../../]
  ignore line: [COLLECT_GCC_OPTIONS='-isysroot' '/Library/Developer/CommandLineTools/SDKs/MacOSX12.1.sdk' '-v' '-o' 'cmTC_d5dd1' '-mtune=core2']
  link line: [ /usr/local/Cellar/gcc/9.2.0/libexec/gcc/x86_64-apple-darwin18/9.2.0/collect2 -dynamic -arch x86_64 -syslibroot /Library/Developer/CommandLineTools/SDKs/MacOSX12.1.sdk -weak_reference_mismatches non-weak -o cmTC_d5dd1 -lcrt1.o -L/usr/local/Cellar/gcc/9.2.0/lib/gcc/9/gcc/x86_64-apple-darwin18/9.2.0 -L/usr/local/Cellar/gcc/9.2.0/lib/gcc/9/gcc/x86_64-apple-darwin18/9.2.0/../../.. -search_paths_first -headerpad_max_install_names -v CMakeFiles/cmTC_d5dd1.dir/CMakeCCompilerABI.c.o -lgcc_ext.10.4 -lgcc -lSystem -v]
    arg [/usr/local/Cellar/gcc/9.2.0/libexec/gcc/x86_64-apple-darwin18/9.2.0/collect2] ==> ignore
    arg [-dynamic] ==> ignore
    arg [-arch] ==> ignore
    arg [x86_64] ==> ignore
    arg [-syslibroot] ==> ignore
    arg [/Library/Developer/CommandLineTools/SDKs/MacOSX12.1.sdk] ==> ignore
    arg [-weak_reference_mismatches] ==> ignore
    arg [non-weak] ==> ignore
    arg [-o] ==> ignore
    arg [cmTC_d5dd1] ==> ignore
    arg [-lcrt1.o] ==> lib [crt1.o]
    arg [-L/usr/local/Cellar/gcc/9.2.0/lib/gcc/9/gcc/x86_64-apple-darwin18/9.2.0] ==> dir [/usr/local/Cellar/gcc/9.2.0/lib/gcc/9/gcc/x86_64-apple-darwin18/9.2.0]
    arg [-L/usr/local/Cellar/gcc/9.2.0/lib/gcc/9/gcc/x86_64-apple-darwin18/9.2.0/../../..] ==> dir [/usr/local/Cellar/gcc/9.2.0/lib/gcc/9/gcc/x86_64-apple-darwin18/9.2.0/../../..]
    arg [-search_paths_first] ==> ignore
    arg [-headerpad_max_install_names] ==> ignore
    arg [-v] ==> ignore
    arg [CMakeFiles/cmTC_d5dd1.dir/CMakeCCompilerABI.c.o] ==> ignore
    arg [-lgcc_ext.10.4] ==> lib [gcc_ext.10.4]
    arg [-lgcc] ==> lib [gcc]
    arg [-lSystem] ==> lib [System]
    arg [-v] ==> ignore
  Library search paths: [;/usr/local/Cellar/gcc/9.2.0/lib/gcc/9/gcc/x86_64-apple-darwin18/9.2.0;/usr/local/Cellar/gcc/9.2.0/lib/gcc/9;/Library/Developer/CommandLineTools/SDKs/MacOSX12.1.sdk/usr/lib]
  Framework search paths: [;/Library/Developer/CommandLineTools/SDKs/MacOSX12.1.sdk/System/Library/Frameworks/]
  remove lib [crt1.o]
  remove lib [System]
  collapse library dir [/usr/local/Cellar/gcc/9.2.0/lib/gcc/9/gcc/x86_64-apple-darwin18/9.2.0] ==> [/usr/local/Cellar/gcc/9.2.0/lib/gcc/9/gcc/x86_64-apple-darwin18/9.2.0]
  collapse library dir [/usr/local/Cellar/gcc/9.2.0/lib/gcc/9/gcc/x86_64-apple-darwin18/9.2.0/../../..] ==> [/usr/local/Cellar/gcc/9.2.0/lib/gcc/9]
  collapse library dir [/usr/local/Cellar/gcc/9.2.0/lib/gcc/9/gcc/x86_64-apple-darwin18/9.2.0] ==> [/usr/local/Cellar/gcc/9.2.0/lib/gcc/9/gcc/x86_64-apple-darwin18/9.2.0]
  collapse library dir [/usr/local/Cellar/gcc/9.2.0/lib/gcc/9] ==> [/usr/local/Cellar/gcc/9.2.0/lib/gcc/9]
  collapse library dir [/Library/Developer/CommandLineTools/SDKs/MacOSX12.1.sdk/usr/lib] ==> [/Library/Developer/CommandLineTools/SDKs/MacOSX12.1.sdk/usr/lib]
  collapse framework dir [/Library/Developer/CommandLineTools/SDKs/MacOSX12.1.sdk/System/Library/Frameworks/] ==> [/Library/Developer/CommandLineTools/SDKs/MacOSX12.1.sdk/System/Library/Frameworks]
  implicit libs: [gcc_ext.10.4;gcc]
  implicit objs: []
  implicit dirs: [/usr/local/Cellar/gcc/9.2.0/lib/gcc/9/gcc/x86_64-apple-darwin18/9.2.0;/usr/local/Cellar/gcc/9.2.0/lib/gcc/9;/Library/Developer/CommandLineTools/SDKs/MacOSX12.1.sdk/usr/lib]
  implicit fwks: [/Library/Developer/CommandLineTools/SDKs/MacOSX12.1.sdk/System/Library/Frameworks]


Detecting CXX compiler ABI info compiled with the following output:
Change Dir: /Users/duanyanling/vs_code_workspace/c_jia_jia/log/build/CMakeFiles/CMakeTmp

Run Build Command(s):/usr/bin/make -f Makefile cmTC_d527d/fast && /Library/Developer/CommandLineTools/usr/bin/make  -f CMakeFiles/cmTC_d527d.dir/build.make CMakeFiles/cmTC_d527d.dir/build
Building CXX object CMakeFiles/cmTC_d527d.dir/CMakeCXXCompilerABI.cpp.o
/Library/Developer/CommandLineTools/usr/bin/c++   -isysroot /Library/Developer/CommandLineTools/SDKs/MacOSX12.1.sdk -mmacosx-version-min=12.0   -v -Wl,-v -MD -MT CMakeFiles/cmTC_d527d.dir/CMakeCXXCompilerABI.cpp.o -MF CMakeFiles/cmTC_d527d.dir/CMakeCXXCompilerABI.cpp.o.d -o CMakeFiles/cmTC_d527d.dir/CMakeCXXCompilerABI.cpp.o -c /Applications/CMake.app/Contents/share/cmake-3.22/Modules/CMakeCXXCompilerABI.cpp
Apple clang version 13.0.0 (clang-1300.0.29.30)
Target: x86_64-apple-darwin21.1.0
Thread model: posix
InstalledDir: /Library/Developer/CommandLineTools/usr/bin
clang: warning: -Wl,-v: 'linker' input unused [-Wunused-command-line-argument]
 "/Library/Developer/CommandLineTools/usr/bin/clang" -cc1 -triple x86_64-apple-macosx12.0.0 -Wundef-prefix=TARGET_OS_ -Wdeprecated-objc-isa-usage -Werror=deprecated-objc-isa-usage -Werror=implicit-function-declaration -emit-obj -mrelax-all --mrelax-relocations -disable-free -disable-llvm-verifier -discard-value-names -main-file-name CMakeCXXCompilerABI.cpp -mrelocation-model pic -pic-level 2 -mframe-pointer=all -fno-strict-return -fno-rounding-math -munwind-tables -target-sdk-version=12.1 -fvisibility-inlines-hidden-static-local-var -target-cpu penryn -tune-cpu generic -debugger-tuning=lldb -target-linker-version 711 -v -resource-dir /Library/Developer/CommandLineTools/usr/lib/clang/13.0.0 -dependency-file CMakeFiles/cmTC_d527d.dir/CMakeCXXCompilerABI.cpp.o.d -skip-unused-modulemap-deps -MT CMakeFiles/cmTC_d527d.dir/CMakeCXXCompilerABI.cpp.o -sys-header-deps -isysroot /Library/Developer/CommandLineTools/SDKs/MacOSX12.1.sdk -stdlib=libc++ -internal-isystem /Library/Developer/CommandLineTools/SDKs/MacOSX12.1.sdk/usr/include/c++/v1 -internal-isystem /Library/Developer/CommandLineTools/SDKs/MacOSX12.1.sdk/usr/local/include -internal-isystem /Library/Developer/CommandLineTools/usr/lib/clang/13.0.0/include -internal-externc-isystem /Library/Developer/CommandLineTools/SDKs/MacOSX12.1.sdk/usr/include -internal-externc-isystem /Library/Developer/CommandLineTools/usr/include -Wno-reorder-init-list -Wno-implicit-int-float-conversion -Wno-c99-designator -Wno-final-dtor-non-final-class -Wno-extra-semi-stmt -Wno-misleading-indentation -Wno-quoted-include-in-framework-header -Wno-implicit-fallthrough -Wno-enum-enum-conversion -Wno-enum-float-conversion -Wno-elaborated-enum-base -fdeprecated-macro -fdebug-compilation-dir /Users/duanyanling/vs_code_workspace/c_jia_jia/log/build/CMakeFiles/CMakeTmp -ferror-limit 19 -stack-protector 1 -fstack-check -mdarwin-stkchk-strong-link -fblocks -fencode-extended-block-signature -fregister-global-dtors-with-atexit -fgnuc-version=4.2.1 -fno-cxx-modules -fcxx-exceptions -fexceptions -fmax-type-align=16 -fcommon -clang-vendor-feature=+nullptrToBoolConversion -clang-vendor-feature=+messageToSelfInClassMethodIdReturnType -clang-vendor-feature=+disableInferNewAvailabilityFromInit -clang-vendor-feature=+disableNeonImmediateRangeCheck -clang-vendor-feature=+disableNonDependentMemberExprInCurrentInstantiation -fno-odr-hash-protocols -clang-vendor-feature=+revert09abecef7bbf -mllvm -disable-aligned-alloc-awareness=1 -mllvm -enable-dse-memoryssa=0 -o CMakeFiles/cmTC_d527d.dir/CMakeCXXCompilerABI.cpp.o -x c++ /Applications/CMake.app/Contents/share/cmake-3.22/Modules/CMakeCXXCompilerABI.cpp
clang -cc1 version 13.0.0 (clang-1300.0.29.30) default target x86_64-apple-darwin21.1.0
ignoring nonexistent directory "/Library/Developer/CommandLineTools/SDKs/MacOSX12.1.sdk/usr/local/include"
ignoring nonexistent directory "/Library/Developer/CommandLineTools/SDKs/MacOSX12.1.sdk/Library/Frameworks"
#include "..." search starts here:
#include <...> search starts here:
 /Library/Developer/CommandLineTools/SDKs/MacOSX12.1.sdk/usr/include/c++/v1
 /Library/Developer/CommandLineTools/usr/lib/clang/13.0.0/include
 /Library/Developer/CommandLineTools/SDKs/MacOSX12.1.sdk/usr/include
 /Library/Developer/CommandLineTools/usr/include
 /Library/Developer/CommandLineTools/SDKs/MacOSX12.1.sdk/System/Library/Frameworks (framework directory)
End of search list.
Linking CXX executable cmTC_d527d
/Applications/CMake.app/Contents/bin/cmake -E cmake_link_script CMakeFiles/cmTC_d527d.dir/link.txt --verbose=1
/Library/Developer/CommandLineTools/usr/bin/c++  -isysroot /Library/Developer/CommandLineTools/SDKs/MacOSX12.1.sdk -mmacosx-version-min=12.0 -Wl,-search_paths_first -Wl,-headerpad_max_install_names  -v -Wl,-v CMakeFiles/cmTC_d527d.dir/CMakeCXXCompilerABI.cpp.o -o cmTC_d527d 
Apple clang version 13.0.0 (clang-1300.0.29.30)
Target: x86_64-apple-darwin21.1.0
Thread model: posix
InstalledDir: /Library/Developer/CommandLineTools/usr/bin
 "/Library/Developer/CommandLineTools/usr/bin/ld" -demangle -lto_library /Library/Developer/CommandLineTools/usr/lib/libLTO.dylib -dynamic -arch x86_64 -platform_version macos 12.0.0 12.1 -syslibroot /Library/Developer/CommandLineTools/SDKs/MacOSX12.1.sdk -o cmTC_d527d -search_paths_first -headerpad_max_install_names -v CMakeFiles/cmTC_d527d.dir/CMakeCXXCompilerABI.cpp.o -lc++ -lSystem /Library/Developer/CommandLineTools/usr/lib/clang/13.0.0/lib/darwin/libclang_rt.osx.a
@(#)PROGRAM:ld  PROJECT:ld64-711
BUILD 14:30:26 Oct 21 2021
configured to support archs: armv6 armv7 armv7s arm64 arm64e arm64_32 i386 x86_64 x86_64h armv6m armv7k armv7m armv7em
Library search paths:
	/Library/Developer/CommandLineTools/SDKs/MacOSX12.1.sdk/usr/lib
Framework search paths:
	/Library/Developer/CommandLineTools/SDKs/MacOSX12.1.sdk/System/Library/Frameworks/



Parsed CXX implicit include dir info from above output: rv=done
  found start of include info
  found start of implicit include info
    add: [/Library/Developer/CommandLineTools/SDKs/MacOSX12.1.sdk/usr/include/c++/v1]
    add: [/Library/Developer/CommandLineTools/usr/lib/clang/13.0.0/include]
    add: [/Library/Developer/CommandLineTools/SDKs/MacOSX12.1.sdk/usr/include]
    add: [/Library/Developer/CommandLineTools/usr/include]
  end of search list found
  collapse include dir [/Library/Developer/CommandLineTools/SDKs/MacOSX12.1.sdk/usr/include/c++/v1] ==> [/Library/Developer/CommandLineTools/SDKs/MacOSX12.1.sdk/usr/include/c++/v1]
  collapse include dir [/Library/Developer/CommandLineTools/usr/lib/clang/13.0.0/include] ==> [/Library/Developer/CommandLineTools/usr/lib/clang/13.0.0/include]
  collapse include dir [/Library/Developer/CommandLineTools/SDKs/MacOSX12.1.sdk/usr/include] ==> [/Library/Developer/CommandLineTools/SDKs/MacOSX12.1.sdk/usr/include]
  collapse include dir [/Library/Developer/CommandLineTools/usr/include] ==> [/Library/Developer/CommandLineTools/usr/include]
  implicit include dirs: [/Library/Developer/CommandLineTools/SDKs/MacOSX12.1.sdk/usr/include/c++/v1;/Library/Developer/CommandLineTools/usr/lib/clang/13.0.0/include;/Library/Developer/CommandLineTools/SDKs/MacOSX12.1.sdk/usr/include;/Library/Developer/CommandLineTools/usr/include]


Parsed CXX implicit link information from above output:
  link line regex: [^( *|.*[/\])(ld|CMAKE_LINK_STARTFILE-NOTFOUND|([^/\]+-)?ld|collect2)[^/\]*( |$)]
  ignore line: [Change Dir: /Users/duanyanling/vs_code_workspace/c_jia_jia/log/build/CMakeFiles/CMakeTmp]
  ignore line: []
  ignore line: [Run Build Command(s):/usr/bin/make -f Makefile cmTC_d527d/fast && /Library/Developer/CommandLineTools/usr/bin/make  -f CMakeFiles/cmTC_d527d.dir/build.make CMakeFiles/cmTC_d527d.dir/build]
  ignore line: [Building CXX object CMakeFiles/cmTC_d527d.dir/CMakeCXXCompilerABI.cpp.o]
  ignore line: [/Library/Developer/CommandLineTools/usr/bin/c++   -isysroot /Library/Developer/CommandLineTools/SDKs/MacOSX12.1.sdk -mmacosx-version-min=12.0   -v -Wl -v -MD -MT CMakeFiles/cmTC_d527d.dir/CMakeCXXCompilerABI.cpp.o -MF CMakeFiles/cmTC_d527d.dir/CMakeCXXCompilerABI.cpp.o.d -o CMakeFiles/cmTC_d527d.dir/CMakeCXXCompilerABI.cpp.o -c /Applications/CMake.app/Contents/share/cmake-3.22/Modules/CMakeCXXCompilerABI.cpp]
  ignore line: [Apple clang version 13.0.0 (clang-1300.0.29.30)]
  ignore line: [Target: x86_64-apple-darwin21.1.0]
  ignore line: [Thread model: posix]
  ignore line: [InstalledDir: /Library/Developer/CommandLineTools/usr/bin]
  ignore line: [clang: warning: -Wl -v: 'linker' input unused [-Wunused-command-line-argument]]
  ignore line: [ "/Library/Developer/CommandLineTools/usr/bin/clang" -cc1 -triple x86_64-apple-macosx12.0.0 -Wundef-prefix=TARGET_OS_ -Wdeprecated-objc-isa-usage -Werror=deprecated-objc-isa-usage -Werror=implicit-function-declaration -emit-obj -mrelax-all --mrelax-relocations -disable-free -disable-llvm-verifier -discard-value-names -main-file-name CMakeCXXCompilerABI.cpp -mrelocation-model pic -pic-level 2 -mframe-pointer=all -fno-strict-return -fno-rounding-math -munwind-tables -target-sdk-version=12.1 -fvisibility-inlines-hidden-static-local-var -target-cpu penryn -tune-cpu generic -debugger-tuning=lldb -target-linker-version 711 -v -resource-dir /Library/Developer/CommandLineTools/usr/lib/clang/13.0.0 -dependency-file CMakeFiles/cmTC_d527d.dir/CMakeCXXCompilerABI.cpp.o.d -skip-unused-modulemap-deps -MT CMakeFiles/cmTC_d527d.dir/CMakeCXXCompilerABI.cpp.o -sys-header-deps -isysroot /Library/Developer/CommandLineTools/SDKs/MacOSX12.1.sdk -stdlib=libc++ -internal-isystem /Library/Developer/CommandLineTools/SDKs/MacOSX12.1.sdk/usr/include/c++/v1 -internal-isystem /Library/Developer/CommandLineTools/SDKs/MacOSX12.1.sdk/usr/local/include -internal-isystem /Library/Developer/CommandLineTools/usr/lib/clang/13.0.0/include -internal-externc-isystem /Library/Developer/CommandLineTools/SDKs/MacOSX12.1.sdk/usr/include -internal-externc-isystem /Library/Developer/CommandLineTools/usr/include -Wno-reorder-init-list -Wno-implicit-int-float-conversion -Wno-c99-designator -Wno-final-dtor-non-final-class -Wno-extra-semi-stmt -Wno-misleading-indentation -Wno-quoted-include-in-framework-header -Wno-implicit-fallthrough -Wno-enum-enum-conversion -Wno-enum-float-conversion -Wno-elaborated-enum-base -fdeprecated-macro -fdebug-compilation-dir /Users/duanyanling/vs_code_workspace/c_jia_jia/log/build/CMakeFiles/CMakeTmp -ferror-limit 19 -stack-protector 1 -fstack-check -mdarwin-stkchk-strong-link -fblocks -fencode-extended-block-signature -fregister-global-dtors-with-atexit -fgnuc-version=4.2.1 -fno-cxx-modules -fcxx-exceptions -fexceptions -fmax-type-align=16 -fcommon -clang-vendor-feature=+nullptrToBoolConversion -clang-vendor-feature=+messageToSelfInClassMethodIdReturnType -clang-vendor-feature=+disableInferNewAvailabilityFromInit -clang-vendor-feature=+disableNeonImmediateRangeCheck -clang-vendor-feature=+disableNonDependentMemberExprInCurrentInstantiation -fno-odr-hash-protocols -clang-vendor-feature=+revert09abecef7bbf -mllvm -disable-aligned-alloc-awareness=1 -mllvm -enable-dse-memoryssa=0 -o CMakeFiles/cmTC_d527d.dir/CMakeCXXCompilerABI.cpp.o -x c++ /Applications/CMake.app/Contents/share/cmake-3.22/Modules/CMakeCXXCompilerABI.cpp]
  ignore line: [clang -cc1 version 13.0.0 (clang-1300.0.29.30) default target x86_64-apple-darwin21.1.0]
  ignore line: [ignoring nonexistent directory "/Library/Developer/CommandLineTools/SDKs/MacOSX12.1.sdk/usr/local/include"]
  ignore line: [ignoring nonexistent directory "/Library/Developer/CommandLineTools/SDKs/MacOSX12.1.sdk/Library/Frameworks"]
  ignore line: [#include "..." search starts here:]
  ignore line: [#include <...> search starts here:]
  ignore line: [ /Library/Developer/CommandLineTools/SDKs/MacOSX12.1.sdk/usr/include/c++/v1]
  ignore line: [ /Library/Developer/CommandLineTools/usr/lib/clang/13.0.0/include]
  ignore line: [ /Library/Developer/CommandLineTools/SDKs/MacOSX12.1.sdk/usr/include]
  ignore line: [ /Library/Developer/CommandLineTools/usr/include]
  ignore line: [ /Library/Developer/CommandLineTools/SDKs/MacOSX12.1.sdk/System/Library/Frameworks (framework directory)]
  ignore line: [End of search list.]
  ignore line: [Linking CXX executable cmTC_d527d]
  ignore line: [/Applications/CMake.app/Contents/bin/cmake -E cmake_link_script CMakeFiles/cmTC_d527d.dir/link.txt --verbose=1]
  ignore line: [/Library/Developer/CommandLineTools/usr/bin/c++  -isysroot /Library/Developer/CommandLineTools/SDKs/MacOSX12.1.sdk -mmacosx-version-min=12.0 -Wl -search_paths_first -Wl -headerpad_max_install_names  -v -Wl -v CMakeFiles/cmTC_d527d.dir/CMakeCXXCompilerABI.cpp.o -o cmTC_d527d ]
  ignore line: [Apple clang version 13.0.0 (clang-1300.0.29.30)]
  ignore line: [Target: x86_64-apple-darwin21.1.0]
  ignore line: [Thread model: posix]
  ignore line: [InstalledDir: /Library/Developer/CommandLineTools/usr/bin]
  link line: [ "/Library/Developer/CommandLineTools/usr/bin/ld" -demangle -lto_library /Library/Developer/CommandLineTools/usr/lib/libLTO.dylib -dynamic -arch x86_64 -platform_version macos 12.0.0 12.1 -syslibroot /Library/Developer/CommandLineTools/SDKs/MacOSX12.1.sdk -o cmTC_d527d -search_paths_first -headerpad_max_install_names -v CMakeFiles/cmTC_d527d.dir/CMakeCXXCompilerABI.cpp.o -lc++ -lSystem /Library/Developer/CommandLineTools/usr/lib/clang/13.0.0/lib/darwin/libclang_rt.osx.a]
    arg [/Library/Developer/CommandLineTools/usr/bin/ld] ==> ignore
    arg [-demangle] ==> ignore
    arg [-lto_library] ==> ignore, skip following value
    arg [/Library/Developer/CommandLineTools/usr/lib/libLTO.dylib] ==> skip value of -lto_library
    arg [-dynamic] ==> ignore
    arg [-arch] ==> ignore
    arg [x86_64] ==> ignore
    arg [-platform_version] ==> ignore
    arg [macos] ==> ignore
    arg [12.0.0] ==> ignore
    arg [12.1] ==> ignore
    arg [-syslibroot] ==> ignore
    arg [/Library/Developer/CommandLineTools/SDKs/MacOSX12.1.sdk] ==> ignore
    arg [-o] ==> ignore
    arg [cmTC_d527d] ==> ignore
    arg [-search_paths_first] ==> ignore
    arg [-headerpad_max_install_names] ==> ignore
    arg [-v] ==> ignore
    arg [CMakeFiles/cmTC_d527d.dir/CMakeCXXCompilerABI.cpp.o] ==> ignore
    arg [-lc++] ==> lib [c++]
    arg [-lSystem] ==> lib [System]
    arg [/Library/Developer/CommandLineTools/usr/lib/clang/13.0.0/lib/darwin/libclang_rt.osx.a] ==> lib [/Library/Developer/CommandLineTools/usr/lib/clang/13.0.0/lib/darwin/libclang_rt.osx.a]
  Library search paths: [;/Library/Developer/CommandLineTools/SDKs/MacOSX12.1.sdk/usr/lib]
  Framework search paths: [;/Library/Developer/CommandLineTools/SDKs/MacOSX12.1.sdk/System/Library/Frameworks/]
  remove lib [System]
  remove lib [/Library/Developer/CommandLineTools/usr/lib/clang/13.0.0/lib/darwin/libclang_rt.osx.a]
  collapse library dir [/Library/Developer/CommandLineTools/SDKs/MacOSX12.1.sdk/usr/lib] ==> [/Library/Developer/CommandLineTools/SDKs/MacOSX12.1.sdk/usr/lib]
  collapse framework dir [/Library/Developer/CommandLineTools/SDKs/MacOSX12.1.sdk/System/Library/Frameworks/] ==> [/Library/Developer/CommandLineTools/SDKs/MacOSX12.1.sdk/System/Library/Frameworks]
  implicit libs: [c++]
  implicit objs: []
  implicit dirs: [/Library/Developer/CommandLineTools/SDKs/MacOSX12.1.sdk/usr/lib]
  implicit fwks: [/Library/Developer/CommandLineTools/SDKs/MacOSX12.1.sdk/System/Library/Frameworks]


